Running: /usr/local/insa/Xilinx.ISE/13.4/ISE_DS/ISE/bin/lin64/unwrapped/fuse -relaunch -intstyle "ise" -incremental -lib "secureip" -o "/home/luque/Bureau/proj_sys_info/Projet_Syst_Info/Test_Process_isim_beh.exe" -prj "/home/luque/Bureau/proj_sys_info/Projet_Syst_Info/Test_Process_beh.prj" "work.Test_Process" 
ISim O.87xd (signature 0x8ddf5b5d)
Number of CPUs detected in this system: 12
Turning on mult-threading, number of parallel sub-compilation jobs: 24 
Determining compilation order of HDL files
Parsing VHDL file "/home/luque/Bureau/proj_sys_info/Projet_Syst_Info/Mem_instructions.vhd" into library work
Parsing VHDL file "/home/luque/Bureau/proj_sys_info/Projet_Syst_Info/Mem_donnee.vhd" into library work
Parsing VHDL file "/home/luque/Bureau/proj_sys_info/Projet_Syst_Info/BR.vhd" into library work
Parsing VHDL file "/home/luque/Bureau/proj_sys_info/Projet_Syst_Info/ALU.vhd" into library work
Parsing VHDL file "/home/luque/Bureau/proj_sys_info/Projet_Syst_Info/Processeur.vhd" into library work
Parsing VHDL file "/home/luque/Bureau/proj_sys_info/Projet_Syst_Info/Test_Process.vhd" into library work
Starting static elaboration
Completed static elaboration
Fuse Memory Usage: 98432 KB
Fuse CPU Usage: 800 ms
Compiling package standard
Compiling package std_logic_1164
Compiling package std_logic_arith
Compiling package std_logic_unsigned
Compiling package numeric_std
Compiling architecture behavioral of entity Mem_instructions [mem_instructions_default]
Compiling architecture behavioral of entity BR [br_default]
Compiling architecture behavioral of entity ALU [alu_default]
Compiling architecture behavioral of entity Mem_donnee [mem_donnee_default]
Compiling architecture struct of entity Processeur [processeur_default]
Compiling architecture behavior of entity test_process
Time Resolution for simulation is 1ps.
Waiting for 1 sub-compilation(s) to finish...
Compiled 16 VHDL Units
Built simulation executable /home/luque/Bureau/proj_sys_info/Projet_Syst_Info/Test_Process_isim_beh.exe
Fuse Memory Usage: 1723188 KB
Fuse CPU Usage: 900 ms
GCC CPU Usage: 130 ms
